{
  "RSpec": {
    "coverage": {
      "/Users/tianqi/Documents/GitHub/rails-lab/paws_and_tails/spec/models/animal_spec.rb": {
        "lines": [
          1,
          null,
          1,
          null,
          null
        ]
      },
      "/Users/tianqi/Documents/GitHub/rails-lab/paws_and_tails/config/environment.rb": {
        "lines": [
          null,
          1,
          null,
          null,
          1
        ]
      },
      "/Users/tianqi/Documents/GitHub/rails-lab/paws_and_tails/config/application.rb": {
        "lines": [
          1,
          null,
          1,
          null,
          null,
          null,
          1,
          null,
          1,
          1,
          null,
          1,
          null,
          null,
          null,
          null,
          null,
          null,
          null,
          null,
          null,
          null
        ]
      },
      "/Users/tianqi/Documents/GitHub/rails-lab/paws_and_tails/config/boot.rb": {
        "lines": [
          1,
          null,
          1,
          1
        ]
      },
      "/Users/tianqi/Documents/GitHub/rails-lab/paws_and_tails/config/environments/test.rb": {
        "lines": [
          1,
          null,
          null,
          null,
          null,
          null,
          null,
          1,
          null,
          1,
          1,
          null,
          null,
          null,
          null,
          1,
          null,
          null,
          null,
          null,
          1,
          null,
          null,
          1,
          1,
          null,
          null,
          null,
          null,
          1,
          1,
          1,
          null,
          null,
          1,
          null,
          null,
          1,
          null,
          null,
          1,
          null,
          1,
          null,
          null,
          null,
          null,
          1,
          null,
          null,
          1,
          null,
          null,
          1,
          null,
          null,
          1,
          null,
          null,
          null,
          null,
          null,
          null,
          null
        ]
      },
      "/Users/tianqi/Documents/GitHub/rails-lab/paws_and_tails/config/initializers/assets.rb": {
        "lines": [
          null,
          null,
          null,
          1,
          null,
          null,
          null,
          null,
          null,
          null,
          null,
          null
        ]
      },
      "/Users/tianqi/Documents/GitHub/rails-lab/paws_and_tails/config/initializers/content_security_policy.rb": {
        "lines": [
          null,
          null,
          null,
          null,
          null,
          null,
          null,
          null,
          null,
          null,
          null,
          null,
          null,
          null,
          null,
          null,
          null,
          null,
          null,
          null,
          null,
          null,
          null,
          null,
          null
        ]
      },
      "/Users/tianqi/Documents/GitHub/rails-lab/paws_and_tails/config/initializers/filter_parameter_logging.rb": {
        "lines": [
          null,
          null,
          null,
          null,
          null,
          1,
          null,
          null
        ]
      },
      "/Users/tianqi/Documents/GitHub/rails-lab/paws_and_tails/config/initializers/inflections.rb": {
        "lines": [
          null,
          null,
          null,
          null,
          null,
          null,
          null,
          null,
          null,
          null,
          null,
          null,
          null,
          null,
          null,
          null
        ]
      },
      "/Users/tianqi/Documents/GitHub/rails-lab/paws_and_tails/config/initializers/permissions_policy.rb": {
        "lines": [
          null,
          null,
          null,
          null,
          null,
          null,
          null,
          null,
          null,
          null,
          null
        ]
      },
      "/Users/tianqi/Documents/GitHub/rails-lab/paws_and_tails/config/routes.rb": {
        "lines": [
          1,
          null,
          null,
          null,
          null,
          1,
          1,
          1,
          null,
          null,
          null,
          null
        ]
      },
      "/Users/tianqi/Documents/GitHub/rails-lab/paws_and_tails/app/helpers/application_helper.rb": {
        "lines": [
          1,
          null
        ]
      },
      "/Users/tianqi/Documents/GitHub/rails-lab/paws_and_tails/app/models/animal.rb": {
        "lines": [
          1,
          1,
          null
        ]
      },
      "/Users/tianqi/Documents/GitHub/rails-lab/paws_and_tails/app/models/application_record.rb": {
        "lines": [
          1,
          1,
          null
        ]
      },
      "/Users/tianqi/Documents/GitHub/rails-lab/paws_and_tails/spec/models/breeder_spec.rb": {
        "lines": [
          1,
          null,
          1,
          null,
          null
        ]
      },
      "/Users/tianqi/Documents/GitHub/rails-lab/paws_and_tails/app/models/breeder.rb": {
        "lines": [
          1,
          1,
          null
        ]
      },
      "/Users/tianqi/Documents/GitHub/rails-lab/paws_and_tails/spec/requests/animal_spec.rb": {
        "lines": [
          1,
          null,
          1,
          1,
          11,
          null,
          null,
          null,
          null,
          null,
          null,
          1,
          null,
          1,
          1,
          1,
          null,
          null,
          null,
          1,
          1,
          1,
          null,
          null,
          null,
          null,
          null,
          1,
          1,
          null,
          null,
          null,
          1,
          1,
          1,
          1,
          1,
          null,
          null,
          null,
          1,
          1,
          1,
          null,
          null,
          null,
          null,
          null,
          1,
          1,
          null,
          1,
          1,
          null,
          null,
          null,
          1,
          1,
          1,
          null,
          null,
          null,
          null,
          null,
          1,
          null,
          null,
          1,
          1,
          null,
          null,
          1,
          1,
          null,
          null,
          null,
          null,
          null,
          null,
          null,
          1,
          null,
          null,
          1,
          1,
          null,
          1,
          null,
          null,
          null,
          null,
          null,
          null,
          null,
          1,
          null,
          null,
          null,
          1,
          1,
          1,
          null,
          null,
          null,
          null,
          null,
          1,
          null,
          null,
          1,
          1,
          null,
          null,
          1,
          1,
          null,
          null,
          null,
          null,
          null,
          1,
          null,
          1,
          null,
          null,
          1,
          null,
          null,
          null,
          1,
          1,
          1,
          null,
          null,
          null,
          null,
          null,
          1,
          1,
          1,
          null,
          null,
          null
        ]
      },
      "/Users/tianqi/Documents/GitHub/rails-lab/paws_and_tails/spec/requests/breeder_spec.rb": {
        "lines": [
          1,
          null,
          1,
          1,
          null,
          1,
          1,
          1,
          null,
          null,
          null,
          1,
          1,
          1,
          null,
          null,
          null,
          null,
          1,
          1,
          null,
          null,
          null,
          1,
          1,
          1,
          1,
          1,
          null,
          null,
          null,
          1,
          1,
          1,
          null,
          null,
          null,
          null,
          1,
          null,
          1,
          null,
          1,
          1,
          null,
          null,
          null,
          1,
          1,
          1,
          null,
          null,
          null,
          null,
          1,
          null,
          null,
          1,
          1,
          null,
          null,
          1,
          1,
          null,
          null,
          null,
          null,
          null,
          null,
          1,
          null,
          null,
          1,
          1,
          null,
          1,
          null,
          null,
          null,
          null,
          null,
          null,
          1,
          null,
          null,
          null,
          1,
          1,
          1,
          null,
          null,
          null,
          null,
          1,
          null,
          null,
          1,
          1,
          null,
          null,
          1,
          1,
          null,
          null,
          null,
          null,
          1,
          null,
          1,
          null,
          null,
          1,
          null,
          null,
          null,
          1,
          1,
          1,
          null,
          null,
          null,
          null,
          1,
          1,
          1,
          null,
          null,
          null
        ]
      },
      "/Users/tianqi/Documents/GitHub/rails-lab/paws_and_tails/spec/views/animal/index.html.erb_spec.rb": {
        "lines": [
          1,
          null,
          1,
          null,
          null
        ]
      },
      "/Users/tianqi/Documents/GitHub/rails-lab/paws_and_tails/app/controllers/animals_controller.rb": {
        "lines": [
          1,
          1,
          null,
          null,
          1,
          1,
          null,
          null,
          null,
          1,
          null,
          null,
          null,
          1,
          1,
          null,
          null,
          null,
          1,
          null,
          null,
          null,
          1,
          2,
          null,
          2,
          1,
          null,
          1,
          null,
          null,
          null,
          null,
          1,
          2,
          1,
          null,
          1,
          null,
          null,
          null,
          null,
          1,
          1,
          1,
          null,
          null,
          1,
          null,
          1,
          6,
          null,
          null,
          null,
          1,
          4,
          null,
          null
        ]
      },
      "/Users/tianqi/Documents/GitHub/rails-lab/paws_and_tails/app/controllers/application_controller.rb": {
        "lines": [
          1,
          null
        ]
      },
      "/Users/tianqi/Documents/GitHub/rails-lab/paws_and_tails/app/controllers/breeders_controller.rb": {
        "lines": [
          1,
          1,
          null,
          null,
          1,
          1,
          null,
          null,
          null,
          1,
          null,
          null,
          null,
          1,
          1,
          null,
          null,
          null,
          1,
          null,
          null,
          null,
          1,
          2,
          null,
          2,
          1,
          null,
          1,
          null,
          null,
          null,
          null,
          1,
          2,
          1,
          null,
          1,
          null,
          null,
          null,
          null,
          1,
          1,
          1,
          null,
          null,
          1,
          null,
          1,
          6,
          null,
          null,
          null,
          1,
          4,
          null,
          null
        ]
      }
    },
    "timestamp": 1667647585
  },
  "Cucumber Features": {
    "coverage": {
      "/Users/tianqi/Documents/GitHub/rails-lab/paws_and_tails/config/environment.rb": {
        "lines": [
          null,
          1,
          null,
          null,
          1
        ]
      },
      "/Users/tianqi/Documents/GitHub/rails-lab/paws_and_tails/config/application.rb": {
        "lines": [
          1,
          null,
          1,
          null,
          null,
          null,
          1,
          null,
          1,
          1,
          null,
          1,
          null,
          null,
          null,
          null,
          null,
          null,
          null,
          null,
          null,
          null
        ]
      },
      "/Users/tianqi/Documents/GitHub/rails-lab/paws_and_tails/config/boot.rb": {
        "lines": [
          1,
          null,
          1,
          1
        ]
      },
      "/Users/tianqi/Documents/GitHub/rails-lab/paws_and_tails/config/environments/test.rb": {
        "lines": [
          1,
          null,
          null,
          null,
          null,
          null,
          null,
          1,
          null,
          1,
          1,
          null,
          null,
          null,
          null,
          1,
          null,
          null,
          null,
          null,
          1,
          null,
          null,
          1,
          1,
          null,
          null,
          null,
          null,
          1,
          1,
          1,
          null,
          null,
          1,
          null,
          null,
          1,
          null,
          null,
          1,
          null,
          1,
          null,
          null,
          null,
          null,
          1,
          null,
          null,
          1,
          null,
          null,
          1,
          null,
          null,
          1,
          null,
          null,
          null,
          null,
          null,
          null,
          null
        ]
      },
      "/Users/tianqi/Documents/GitHub/rails-lab/paws_and_tails/config/initializers/assets.rb": {
        "lines": [
          null,
          null,
          null,
          1,
          null,
          null,
          null,
          null,
          null,
          null,
          null,
          null
        ]
      },
      "/Users/tianqi/Documents/GitHub/rails-lab/paws_and_tails/config/initializers/content_security_policy.rb": {
        "lines": [
          null,
          null,
          null,
          null,
          null,
          null,
          null,
          null,
          null,
          null,
          null,
          null,
          null,
          null,
          null,
          null,
          null,
          null,
          null,
          null,
          null,
          null,
          null,
          null,
          null
        ]
      },
      "/Users/tianqi/Documents/GitHub/rails-lab/paws_and_tails/config/initializers/filter_parameter_logging.rb": {
        "lines": [
          null,
          null,
          null,
          null,
          null,
          1,
          null,
          null
        ]
      },
      "/Users/tianqi/Documents/GitHub/rails-lab/paws_and_tails/config/initializers/inflections.rb": {
        "lines": [
          null,
          null,
          null,
          null,
          null,
          null,
          null,
          null,
          null,
          null,
          null,
          null,
          null,
          null,
          null,
          null
        ]
      },
      "/Users/tianqi/Documents/GitHub/rails-lab/paws_and_tails/config/initializers/permissions_policy.rb": {
        "lines": [
          null,
          null,
          null,
          null,
          null,
          null,
          null,
          null,
          null,
          null,
          null
        ]
      },
      "/Users/tianqi/Documents/GitHub/rails-lab/paws_and_tails/config/routes.rb": {
        "lines": [
          1,
          null,
          null,
          null,
          null,
          1,
          1,
          1,
          null,
          null,
          null,
          null
        ]
      },
      "/Users/tianqi/Documents/GitHub/rails-lab/paws_and_tails/features/step_definitions/animal_steps.rb": {
        "lines": [
          1,
          6,
          null,
          null,
          null,
          null,
          null,
          6,
          18,
          null,
          null,
          null,
          1,
          6,
          null,
          null,
          1,
          2,
          2,
          null,
          1,
          3,
          null,
          null,
          null,
          null,
          1,
          3,
          null,
          null,
          null,
          null,
          null,
          null,
          1,
          0,
          null
        ]
      },
      "/Users/tianqi/Documents/GitHub/rails-lab/paws_and_tails/features/step_definitions/breeder_steps.rb": {
        "lines": [
          1,
          6,
          18,
          null,
          null,
          null,
          1,
          6,
          null,
          null,
          null,
          null,
          null,
          1,
          null,
          null,
          0,
          null,
          null,
          null,
          null,
          null,
          null,
          null,
          null,
          null,
          null,
          null,
          null,
          null,
          null,
          null,
          null,
          null,
          null,
          null,
          null,
          null,
          null,
          null,
          null,
          null,
          null,
          null,
          null,
          null,
          null,
          null,
          null,
          null,
          null,
          null,
          1,
          0,
          null,
          null,
          null,
          1,
          null,
          null,
          2,
          2,
          null,
          1,
          3,
          null,
          null,
          null,
          null,
          1,
          3,
          null,
          null,
          null,
          null,
          null,
          null,
          1,
          null,
          null,
          null,
          0,
          null,
          null,
          null,
          null,
          1,
          null,
          0,
          0,
          null,
          null,
          1,
          null,
          0,
          0,
          null,
          null,
          null,
          1,
          null,
          null,
          null,
          0,
          null
        ]
      },
      "/Users/tianqi/Documents/GitHub/rails-lab/paws_and_tails/app/models/breeder.rb": {
        "lines": [
          1,
          1,
          null
        ]
      },
      "/Users/tianqi/Documents/GitHub/rails-lab/paws_and_tails/app/models/application_record.rb": {
        "lines": [
          1,
          1,
          null
        ]
      },
      "/Users/tianqi/Documents/GitHub/rails-lab/paws_and_tails/app/models/animal.rb": {
        "lines": [
          1,
          1,
          null
        ]
      },
      "/Users/tianqi/Documents/GitHub/rails-lab/paws_and_tails/app/controllers/animals_controller.rb": {
        "lines": [
          1,
          1,
          null,
          null,
          1,
          13,
          null,
          null,
          null,
          1,
          null,
          null,
          null,
          1,
          1,
          null,
          null,
          null,
          1,
          null,
          null,
          null,
          1,
          1,
          null,
          1,
          1,
          null,
          0,
          null,
          null,
          null,
          null,
          1,
          1,
          1,
          null,
          0,
          null,
          null,
          null,
          null,
          1,
          1,
          1,
          null,
          null,
          1,
          null,
          1,
          11,
          null,
          null,
          null,
          1,
          2,
          null,
          null
        ]
      },
      "/Users/tianqi/Documents/GitHub/rails-lab/paws_and_tails/app/controllers/application_controller.rb": {
        "lines": [
          1,
          null
        ]
      },
      "/Users/tianqi/Documents/GitHub/rails-lab/paws_and_tails/app/helpers/application_helper.rb": {
        "lines": [
          1,
          null
        ]
      },
      "/Users/tianqi/Documents/GitHub/rails-lab/paws_and_tails/app/controllers/breeders_controller.rb": {
        "lines": [
          1,
          1,
          null,
          null,
          1,
          13,
          null,
          null,
          null,
          1,
          null,
          null,
          null,
          1,
          1,
          null,
          null,
          null,
          1,
          null,
          null,
          null,
          1,
          1,
          null,
          1,
          1,
          null,
          0,
          null,
          null,
          null,
          null,
          1,
          1,
          1,
          null,
          0,
          null,
          null,
          null,
          null,
          1,
          1,
          1,
          null,
          null,
          1,
          null,
          1,
          10,
          null,
          null,
          null,
          1,
          2,
          null,
          null
        ]
      }
    },
    "timestamp": 1667647583
  }
}
